终端机在文法中未使用

    EXT_DEF_LIST
    EXT_VAR_DEF
    EXT_STRUCT_DEF
    FUNC_DEF
    VOID_FUNC_DEF
    EXT_DEC_LIST
    FUNC_DEC
    STRUCT_DEF
    STRUCT_DEC
    PARAM_LIST
    PARAM_DEC
    ARRAY_DEC
    ARRAY_LIST
    COMP_STM
    STM_LIST
    EXP_STMT
    IF_THEN
    IF_THEN_ELSE
    DEF_LIST
    VAR_DEF
    DEC_LIST
    DEC_LISTS
    ARGS
    VARLIST
    EXP_ELE
    FUNC_CALL
    EXP_ARRAY


状态 26 冲突：1 项偏移/归约
状态 35 冲突：1 项偏移/归约


语法

    0 $accept: program $end

    1 program: ExtDefList

    2 ExtDefList: %empty
    3           | ExtDef ExtDefList

    4 ExtDef: Specifier ExtDecList SEMI
    5       | StructSpecifier SEMI
    6       | Specifier FunDec CompSt
    7       | VOID FunDec CompSt
    8       | error SEMI

    9 ExtDecList: VarDec
   10           | VarDec COMMA ExtDecList

   11 Specifier: TYPE

   12 StructSpecifier: STRUCT OptTag LC DefList RC
   13                | STRUCT OptTag

   14 OptTag: ID

   15 FunDec: ID LP VarList RP
   16       | ID LP RP
   17       | error RP

   18 VarList: ParamDec COMMA VarList
   19        | ParamDec

   20 ParamDec: Specifier VarDec

   21 VarDec: ID
   22       | VarDec LB INT RB

   23 CompSt: LC DefList StmtList RC

   24 StmtList: %empty
   25         | Stmt StmtList

   26 Stmt: EXP SEMI
   27     | CompSt
   28     | RETURN EXP SEMI
   29     | IF LP EXP RP Stmt
   30     | IF LP EXP RP Stmt ELSE Stmt
   31     | WHILE LP EXP RP Stmt
   32     | READ LP VarDec RP SEMI
   33     | WRITE LP VarDec RP SEMI
   34     | BREAK SEMI
   35     | CONTINUE SEMI
   36     | error SEMI

   37 DefList: %empty
   38        | Def DefList
   39        | error SEMI

   40 Def: Specifier DecList SEMI

   41 DecList: Dec
   42        | Dec COMMA DecList

   43 Dec: VarDec
   44    | VarDec ASSIGNOP EXP

   45 EXP: EXP ASSIGNOP EXP
   46    | EXP AND EXP
   47    | EXP OR EXP
   48    | EXP RELOP EXP
   49    | EXP ADD EXP
   50    | EXP SUB EXP
   51    | EXP MUL EXP
   52    | EXP DIV EXP
   53    | LP EXP RP
   54    | SUB EXP
   55    | NOT EXP
   56    | ID LP Args RP
   57    | ID LP RP
   58    | EXP DOT ID
   59    | EXP LB EXP LB
   60    | EXP ADDSELF
   61    | ADDSELF EXP
   62    | EXP SUBSELF
   63    | SUBSELF EXP
   64    | ID
   65    | INT
   66    | CHAR
   67    | FLOAT
   68    | error RP

   69 Args: EXP COMMA Args
   70     | EXP


终结语词，附有它们出现处的规则

    $end (0) 0
    error (256) 8 17 36 39 68
    INT <type_int> (258) 22 65
    FLOAT <type_float> (259) 67
    CHAR <type_char> (260) 66
    RELOP <type_id> (261) 48
    ID <type_id> (262) 14 15 16 21 56 57 58 64
    TYPE <type_id> (263) 11
    STRUCT (264) 12 13
    RETURN (265) 28
    IF (266) 29 30
    ELSE (267) 30
    WHILE (268) 31
    VOID (269) 7
    BREAK (270) 34
    CONTINUE (271) 35
    WRITE (272) 33
    READ (273) 32
    LP (274) 15 16 29 30 31 32 33 53 56 57
    RP (275) 15 16 17 29 30 31 32 33 53 56 57 68
    LB (276) 22 59
    RB (277) 22
    DOT (278) 58
    ADDSELF (279) 60 61
    SUBSELF (280) 62 63
    NOT (281) 55
    MUL (282) 51
    DIV (283) 52
    SUB (284) 50 54
    ADD (285) 49
    AND (286) 46
    OR (287) 47
    ASSIGNOP (288) 44 45
    COMMA (289) 10 18 42 69
    SEMI (290) 4 5 8 26 28 32 33 34 35 36 39 40
    LC (291) 12 23
    RC (292) 12 23
    EXT_DEF_LIST (293)
    EXT_VAR_DEF (294)
    EXT_STRUCT_DEF (295)
    FUNC_DEF (296)
    VOID_FUNC_DEF (297)
    EXT_DEC_LIST (298)
    FUNC_DEC (299)
    STRUCT_DEF (300)
    STRUCT_DEC (301)
    PARAM_LIST (302)
    PARAM_DEC (303)
    ARRAY_DEC (304)
    ARRAY_LIST (305)
    COMP_STM (306)
    STM_LIST (307)
    EXP_STMT (308)
    IF_THEN (309)
    IF_THEN_ELSE (310)
    DEF_LIST (311)
    VAR_DEF (312)
    DEC_LIST (313)
    DEC_LISTS (314)
    ARGS (315)
    VARLIST (316)
    EXP_ELE (317)
    FUNC_CALL (318)
    EXP_ARRAY (319)
    USUB (320)
    LOWER_THEN_ELSE (321)


非终结语词，附有它们出现处的规则

    $accept (67)
        on left: 0
    program <ptr> (68)
        on left: 1
        on right: 0
    ExtDefList <ptr> (69)
        on left: 2 3
        on right: 1 3
    ExtDef <ptr> (70)
        on left: 4 5 6 7 8
        on right: 3
    ExtDecList <ptr> (71)
        on left: 9 10
        on right: 4 10
    Specifier <ptr> (72)
        on left: 11
        on right: 4 6 20 40
    StructSpecifier <ptr> (73)
        on left: 12 13
        on right: 5
    OptTag <ptr> (74)
        on left: 14
        on right: 12 13
    FunDec <ptr> (75)
        on left: 15 16 17
        on right: 6 7
    VarList <ptr> (76)
        on left: 18 19
        on right: 15 18
    ParamDec <ptr> (77)
        on left: 20
        on right: 18 19
    VarDec <ptr> (78)
        on left: 21 22
        on right: 9 10 20 22 32 33 43 44
    CompSt <ptr> (79)
        on left: 23
        on right: 6 7 27
    StmtList <ptr> (80)
        on left: 24 25
        on right: 23 25
    Stmt <ptr> (81)
        on left: 26 27 28 29 30 31 32 33 34 35 36
        on right: 25 29 30 31
    DefList <ptr> (82)
        on left: 37 38 39
        on right: 12 23 38
    Def <ptr> (83)
        on left: 40
        on right: 38
    DecList <ptr> (84)
        on left: 41 42
        on right: 40 42
    Dec <ptr> (85)
        on left: 43 44
        on right: 41 42
    EXP <ptr> (86)
        on left: 45 46 47 48 49 50 51 52 53 54 55 56 57 58 59 60 61 62 63 64 65 66 67 68
        on right: 26 28 29 30 31 44 45 46 47 48 49 50 51 52 53 54 55 58 59 60 61 62 63 69 70
    Args <ptr> (87)
        on left: 69 70
        on right: 56 69


状态 0

    0 $accept: . program $end

    error   偏移，并进入状态 1
    TYPE    偏移，并进入状态 2
    STRUCT  偏移，并进入状态 3
    VOID    偏移，并进入状态 4

    $end  使用规则 2 以归约 (ExtDefList)

    program          转到状态 5
    ExtDefList       转到状态 6
    ExtDef           转到状态 7
    Specifier        转到状态 8
    StructSpecifier  转到状态 9


状态 1

    8 ExtDef: error . SEMI

    SEMI  偏移，并进入状态 10


状态 2

   11 Specifier: TYPE .

    $default  使用规则 11 以归约 (Specifier)


状态 3

   12 StructSpecifier: STRUCT . OptTag LC DefList RC
   13                | STRUCT . OptTag

    ID  偏移，并进入状态 11

    OptTag  转到状态 12


状态 4

    7 ExtDef: VOID . FunDec CompSt

    error  偏移，并进入状态 13
    ID     偏移，并进入状态 14

    FunDec  转到状态 15


状态 5

    0 $accept: program . $end

    $end  偏移，并进入状态 16


状态 6

    1 program: ExtDefList .

    $default  使用规则 1 以归约 (program)


状态 7

    3 ExtDefList: ExtDef . ExtDefList

    error   偏移，并进入状态 1
    TYPE    偏移，并进入状态 2
    STRUCT  偏移，并进入状态 3
    VOID    偏移，并进入状态 4

    $end  使用规则 2 以归约 (ExtDefList)

    ExtDefList       转到状态 17
    ExtDef           转到状态 7
    Specifier        转到状态 8
    StructSpecifier  转到状态 9


状态 8

    4 ExtDef: Specifier . ExtDecList SEMI
    6       | Specifier . FunDec CompSt

    error  偏移，并进入状态 13
    ID     偏移，并进入状态 18

    ExtDecList  转到状态 19
    FunDec      转到状态 20
    VarDec      转到状态 21


状态 9

    5 ExtDef: StructSpecifier . SEMI

    SEMI  偏移，并进入状态 22


状态 10

    8 ExtDef: error SEMI .

    $default  使用规则 8 以归约 (ExtDef)


状态 11

   14 OptTag: ID .

    $default  使用规则 14 以归约 (OptTag)


状态 12

   12 StructSpecifier: STRUCT OptTag . LC DefList RC
   13                | STRUCT OptTag .

    LC  偏移，并进入状态 23

    $default  使用规则 13 以归约 (StructSpecifier)


状态 13

   17 FunDec: error . RP

    RP  偏移，并进入状态 24


状态 14

   15 FunDec: ID . LP VarList RP
   16       | ID . LP RP

    LP  偏移，并进入状态 25


状态 15

    7 ExtDef: VOID FunDec . CompSt

    LC  偏移，并进入状态 26

    CompSt  转到状态 27


状态 16

    0 $accept: program $end .

    $default  接受


状态 17

    3 ExtDefList: ExtDef ExtDefList .

    $default  使用规则 3 以归约 (ExtDefList)


状态 18

   15 FunDec: ID . LP VarList RP
   16       | ID . LP RP
   21 VarDec: ID .

    LP  偏移，并进入状态 25

    $default  使用规则 21 以归约 (VarDec)


状态 19

    4 ExtDef: Specifier ExtDecList . SEMI

    SEMI  偏移，并进入状态 28


状态 20

    6 ExtDef: Specifier FunDec . CompSt

    LC  偏移，并进入状态 26

    CompSt  转到状态 29


状态 21

    9 ExtDecList: VarDec .
   10           | VarDec . COMMA ExtDecList
   22 VarDec: VarDec . LB INT RB

    LB     偏移，并进入状态 30
    COMMA  偏移，并进入状态 31

    $default  使用规则 9 以归约 (ExtDecList)


状态 22

    5 ExtDef: StructSpecifier SEMI .

    $default  使用规则 5 以归约 (ExtDef)


状态 23

   12 StructSpecifier: STRUCT OptTag LC . DefList RC

    error  偏移，并进入状态 32
    TYPE   偏移，并进入状态 2

    RC  使用规则 37 以归约 (DefList)

    Specifier  转到状态 33
    DefList    转到状态 34
    Def        转到状态 35


状态 24

   17 FunDec: error RP .

    $default  使用规则 17 以归约 (FunDec)


状态 25

   15 FunDec: ID LP . VarList RP
   16       | ID LP . RP

    TYPE  偏移，并进入状态 2
    RP    偏移，并进入状态 36

    Specifier  转到状态 37
    VarList    转到状态 38
    ParamDec   转到状态 39


状态 26

   23 CompSt: LC . DefList StmtList RC

    error  偏移，并进入状态 32
    TYPE   偏移，并进入状态 2

    error     [使用规则 37 以归约 (DefList)]
    INT       使用规则 37 以归约 (DefList)
    FLOAT     使用规则 37 以归约 (DefList)
    CHAR      使用规则 37 以归约 (DefList)
    ID        使用规则 37 以归约 (DefList)
    RETURN    使用规则 37 以归约 (DefList)
    IF        使用规则 37 以归约 (DefList)
    WHILE     使用规则 37 以归约 (DefList)
    BREAK     使用规则 37 以归约 (DefList)
    CONTINUE  使用规则 37 以归约 (DefList)
    WRITE     使用规则 37 以归约 (DefList)
    READ      使用规则 37 以归约 (DefList)
    LP        使用规则 37 以归约 (DefList)
    ADDSELF   使用规则 37 以归约 (DefList)
    SUBSELF   使用规则 37 以归约 (DefList)
    NOT       使用规则 37 以归约 (DefList)
    SUB       使用规则 37 以归约 (DefList)
    LC        使用规则 37 以归约 (DefList)
    RC        使用规则 37 以归约 (DefList)

    Specifier  转到状态 33
    DefList    转到状态 40
    Def        转到状态 35


状态 27

    7 ExtDef: VOID FunDec CompSt .

    $default  使用规则 7 以归约 (ExtDef)


状态 28

    4 ExtDef: Specifier ExtDecList SEMI .

    $default  使用规则 4 以归约 (ExtDef)


状态 29

    6 ExtDef: Specifier FunDec CompSt .

    $default  使用规则 6 以归约 (ExtDef)


状态 30

   22 VarDec: VarDec LB . INT RB

    INT  偏移，并进入状态 41


状态 31

   10 ExtDecList: VarDec COMMA . ExtDecList

    ID  偏移，并进入状态 42

    ExtDecList  转到状态 43
    VarDec      转到状态 21


状态 32

   39 DefList: error . SEMI

    SEMI  偏移，并进入状态 44


状态 33

   40 Def: Specifier . DecList SEMI

    ID  偏移，并进入状态 42

    VarDec   转到状态 45
    DecList  转到状态 46
    Dec      转到状态 47


状态 34

   12 StructSpecifier: STRUCT OptTag LC DefList . RC

    RC  偏移，并进入状态 48


状态 35

   38 DefList: Def . DefList

    error  偏移，并进入状态 32
    TYPE   偏移，并进入状态 2

    error     [使用规则 37 以归约 (DefList)]
    INT       使用规则 37 以归约 (DefList)
    FLOAT     使用规则 37 以归约 (DefList)
    CHAR      使用规则 37 以归约 (DefList)
    ID        使用规则 37 以归约 (DefList)
    RETURN    使用规则 37 以归约 (DefList)
    IF        使用规则 37 以归约 (DefList)
    WHILE     使用规则 37 以归约 (DefList)
    BREAK     使用规则 37 以归约 (DefList)
    CONTINUE  使用规则 37 以归约 (DefList)
    WRITE     使用规则 37 以归约 (DefList)
    READ      使用规则 37 以归约 (DefList)
    LP        使用规则 37 以归约 (DefList)
    ADDSELF   使用规则 37 以归约 (DefList)
    SUBSELF   使用规则 37 以归约 (DefList)
    NOT       使用规则 37 以归约 (DefList)
    SUB       使用规则 37 以归约 (DefList)
    LC        使用规则 37 以归约 (DefList)
    RC        使用规则 37 以归约 (DefList)

    Specifier  转到状态 33
    DefList    转到状态 49
    Def        转到状态 35


状态 36

   16 FunDec: ID LP RP .

    $default  使用规则 16 以归约 (FunDec)


状态 37

   20 ParamDec: Specifier . VarDec

    ID  偏移，并进入状态 42

    VarDec  转到状态 50


状态 38

   15 FunDec: ID LP VarList . RP

    RP  偏移，并进入状态 51


状态 39

   18 VarList: ParamDec . COMMA VarList
   19        | ParamDec .

    COMMA  偏移，并进入状态 52

    $default  使用规则 19 以归约 (VarList)


状态 40

   23 CompSt: LC DefList . StmtList RC

    error     偏移，并进入状态 53
    INT       偏移，并进入状态 54
    FLOAT     偏移，并进入状态 55
    CHAR      偏移，并进入状态 56
    ID        偏移，并进入状态 57
    RETURN    偏移，并进入状态 58
    IF        偏移，并进入状态 59
    WHILE     偏移，并进入状态 60
    BREAK     偏移，并进入状态 61
    CONTINUE  偏移，并进入状态 62
    WRITE     偏移，并进入状态 63
    READ      偏移，并进入状态 64
    LP        偏移，并进入状态 65
    ADDSELF   偏移，并进入状态 66
    SUBSELF   偏移，并进入状态 67
    NOT       偏移，并进入状态 68
    SUB       偏移，并进入状态 69
    LC        偏移，并进入状态 26

    RC  使用规则 24 以归约 (StmtList)

    CompSt    转到状态 70
    StmtList  转到状态 71
    Stmt      转到状态 72
    EXP       转到状态 73


状态 41

   22 VarDec: VarDec LB INT . RB

    RB  偏移，并进入状态 74


状态 42

   21 VarDec: ID .

    $default  使用规则 21 以归约 (VarDec)


状态 43

   10 ExtDecList: VarDec COMMA ExtDecList .

    $default  使用规则 10 以归约 (ExtDecList)


状态 44

   39 DefList: error SEMI .

    $default  使用规则 39 以归约 (DefList)


状态 45

   22 VarDec: VarDec . LB INT RB
   43 Dec: VarDec .
   44    | VarDec . ASSIGNOP EXP

    LB        偏移，并进入状态 30
    ASSIGNOP  偏移，并进入状态 75

    $default  使用规则 43 以归约 (Dec)


状态 46

   40 Def: Specifier DecList . SEMI

    SEMI  偏移，并进入状态 76


状态 47

   41 DecList: Dec .
   42        | Dec . COMMA DecList

    COMMA  偏移，并进入状态 77

    $default  使用规则 41 以归约 (DecList)


状态 48

   12 StructSpecifier: STRUCT OptTag LC DefList RC .

    $default  使用规则 12 以归约 (StructSpecifier)


状态 49

   38 DefList: Def DefList .

    $default  使用规则 38 以归约 (DefList)


状态 50

   20 ParamDec: Specifier VarDec .
   22 VarDec: VarDec . LB INT RB

    LB  偏移，并进入状态 30

    $default  使用规则 20 以归约 (ParamDec)


状态 51

   15 FunDec: ID LP VarList RP .

    $default  使用规则 15 以归约 (FunDec)


状态 52

   18 VarList: ParamDec COMMA . VarList

    TYPE  偏移，并进入状态 2

    Specifier  转到状态 37
    VarList    转到状态 78
    ParamDec   转到状态 39


状态 53

   36 Stmt: error . SEMI
   68 EXP: error . RP

    RP    偏移，并进入状态 79
    SEMI  偏移，并进入状态 80


状态 54

   65 EXP: INT .

    $default  使用规则 65 以归约 (EXP)


状态 55

   67 EXP: FLOAT .

    $default  使用规则 67 以归约 (EXP)


状态 56

   66 EXP: CHAR .

    $default  使用规则 66 以归约 (EXP)


状态 57

   56 EXP: ID . LP Args RP
   57    | ID . LP RP
   64    | ID .

    LP  偏移，并进入状态 81

    $default  使用规则 64 以归约 (EXP)


状态 58

   28 Stmt: RETURN . EXP SEMI

    error    偏移，并进入状态 82
    INT      偏移，并进入状态 54
    FLOAT    偏移，并进入状态 55
    CHAR     偏移，并进入状态 56
    ID       偏移，并进入状态 57
    LP       偏移，并进入状态 65
    ADDSELF  偏移，并进入状态 66
    SUBSELF  偏移，并进入状态 67
    NOT      偏移，并进入状态 68
    SUB      偏移，并进入状态 69

    EXP  转到状态 83


状态 59

   29 Stmt: IF . LP EXP RP Stmt
   30     | IF . LP EXP RP Stmt ELSE Stmt

    LP  偏移，并进入状态 84


状态 60

   31 Stmt: WHILE . LP EXP RP Stmt

    LP  偏移，并进入状态 85


状态 61

   34 Stmt: BREAK . SEMI

    SEMI  偏移，并进入状态 86


状态 62

   35 Stmt: CONTINUE . SEMI

    SEMI  偏移，并进入状态 87


状态 63

   33 Stmt: WRITE . LP VarDec RP SEMI

    LP  偏移，并进入状态 88


状态 64

   32 Stmt: READ . LP VarDec RP SEMI

    LP  偏移，并进入状态 89


状态 65

   53 EXP: LP . EXP RP

    error    偏移，并进入状态 82
    INT      偏移，并进入状态 54
    FLOAT    偏移，并进入状态 55
    CHAR     偏移，并进入状态 56
    ID       偏移，并进入状态 57
    LP       偏移，并进入状态 65
    ADDSELF  偏移，并进入状态 66
    SUBSELF  偏移，并进入状态 67
    NOT      偏移，并进入状态 68
    SUB      偏移，并进入状态 69

    EXP  转到状态 90


状态 66

   61 EXP: ADDSELF . EXP

    error    偏移，并进入状态 82
    INT      偏移，并进入状态 54
    FLOAT    偏移，并进入状态 55
    CHAR     偏移，并进入状态 56
    ID       偏移，并进入状态 57
    LP       偏移，并进入状态 65
    ADDSELF  偏移，并进入状态 66
    SUBSELF  偏移，并进入状态 67
    NOT      偏移，并进入状态 68
    SUB      偏移，并进入状态 69

    EXP  转到状态 91


状态 67

   63 EXP: SUBSELF . EXP

    error    偏移，并进入状态 82
    INT      偏移，并进入状态 54
    FLOAT    偏移，并进入状态 55
    CHAR     偏移，并进入状态 56
    ID       偏移，并进入状态 57
    LP       偏移，并进入状态 65
    ADDSELF  偏移，并进入状态 66
    SUBSELF  偏移，并进入状态 67
    NOT      偏移，并进入状态 68
    SUB      偏移，并进入状态 69

    EXP  转到状态 92


状态 68

   55 EXP: NOT . EXP

    error    偏移，并进入状态 82
    INT      偏移，并进入状态 54
    FLOAT    偏移，并进入状态 55
    CHAR     偏移，并进入状态 56
    ID       偏移，并进入状态 57
    LP       偏移，并进入状态 65
    ADDSELF  偏移，并进入状态 66
    SUBSELF  偏移，并进入状态 67
    NOT      偏移，并进入状态 68
    SUB      偏移，并进入状态 69

    EXP  转到状态 93


状态 69

   54 EXP: SUB . EXP

    error    偏移，并进入状态 82
    INT      偏移，并进入状态 54
    FLOAT    偏移，并进入状态 55
    CHAR     偏移，并进入状态 56
    ID       偏移，并进入状态 57
    LP       偏移，并进入状态 65
    ADDSELF  偏移，并进入状态 66
    SUBSELF  偏移，并进入状态 67
    NOT      偏移，并进入状态 68
    SUB      偏移，并进入状态 69

    EXP  转到状态 94


状态 70

   27 Stmt: CompSt .

    $default  使用规则 27 以归约 (Stmt)


状态 71

   23 CompSt: LC DefList StmtList . RC

    RC  偏移，并进入状态 95


状态 72

   25 StmtList: Stmt . StmtList

    error     偏移，并进入状态 53
    INT       偏移，并进入状态 54
    FLOAT     偏移，并进入状态 55
    CHAR      偏移，并进入状态 56
    ID        偏移，并进入状态 57
    RETURN    偏移，并进入状态 58
    IF        偏移，并进入状态 59
    WHILE     偏移，并进入状态 60
    BREAK     偏移，并进入状态 61
    CONTINUE  偏移，并进入状态 62
    WRITE     偏移，并进入状态 63
    READ      偏移，并进入状态 64
    LP        偏移，并进入状态 65
    ADDSELF   偏移，并进入状态 66
    SUBSELF   偏移，并进入状态 67
    NOT       偏移，并进入状态 68
    SUB       偏移，并进入状态 69
    LC        偏移，并进入状态 26

    RC  使用规则 24 以归约 (StmtList)

    CompSt    转到状态 70
    StmtList  转到状态 96
    Stmt      转到状态 72
    EXP       转到状态 73


状态 73

   26 Stmt: EXP . SEMI
   45 EXP: EXP . ASSIGNOP EXP
   46    | EXP . AND EXP
   47    | EXP . OR EXP
   48    | EXP . RELOP EXP
   49    | EXP . ADD EXP
   50    | EXP . SUB EXP
   51    | EXP . MUL EXP
   52    | EXP . DIV EXP
   58    | EXP . DOT ID
   59    | EXP . LB EXP LB
   60    | EXP . ADDSELF
   62    | EXP . SUBSELF

    RELOP     偏移，并进入状态 97
    LB        偏移，并进入状态 98
    DOT       偏移，并进入状态 99
    ADDSELF   偏移，并进入状态 100
    SUBSELF   偏移，并进入状态 101
    MUL       偏移，并进入状态 102
    DIV       偏移，并进入状态 103
    SUB       偏移，并进入状态 104
    ADD       偏移，并进入状态 105
    AND       偏移，并进入状态 106
    OR        偏移，并进入状态 107
    ASSIGNOP  偏移，并进入状态 108
    SEMI      偏移，并进入状态 109


状态 74

   22 VarDec: VarDec LB INT RB .

    $default  使用规则 22 以归约 (VarDec)


状态 75

   44 Dec: VarDec ASSIGNOP . EXP

    error    偏移，并进入状态 82
    INT      偏移，并进入状态 54
    FLOAT    偏移，并进入状态 55
    CHAR     偏移，并进入状态 56
    ID       偏移，并进入状态 57
    LP       偏移，并进入状态 65
    ADDSELF  偏移，并进入状态 66
    SUBSELF  偏移，并进入状态 67
    NOT      偏移，并进入状态 68
    SUB      偏移，并进入状态 69

    EXP  转到状态 110


状态 76

   40 Def: Specifier DecList SEMI .

    $default  使用规则 40 以归约 (Def)


状态 77

   42 DecList: Dec COMMA . DecList

    ID  偏移，并进入状态 42

    VarDec   转到状态 45
    DecList  转到状态 111
    Dec      转到状态 47


状态 78

   18 VarList: ParamDec COMMA VarList .

    $default  使用规则 18 以归约 (VarList)


状态 79

   68 EXP: error RP .

    $default  使用规则 68 以归约 (EXP)


状态 80

   36 Stmt: error SEMI .

    $default  使用规则 36 以归约 (Stmt)


状态 81

   56 EXP: ID LP . Args RP
   57    | ID LP . RP

    error    偏移，并进入状态 82
    INT      偏移，并进入状态 54
    FLOAT    偏移，并进入状态 55
    CHAR     偏移，并进入状态 56
    ID       偏移，并进入状态 57
    LP       偏移，并进入状态 65
    RP       偏移，并进入状态 112
    ADDSELF  偏移，并进入状态 66
    SUBSELF  偏移，并进入状态 67
    NOT      偏移，并进入状态 68
    SUB      偏移，并进入状态 69

    EXP   转到状态 113
    Args  转到状态 114


状态 82

   68 EXP: error . RP

    RP  偏移，并进入状态 79


状态 83

   28 Stmt: RETURN EXP . SEMI
   45 EXP: EXP . ASSIGNOP EXP
   46    | EXP . AND EXP
   47    | EXP . OR EXP
   48    | EXP . RELOP EXP
   49    | EXP . ADD EXP
   50    | EXP . SUB EXP
   51    | EXP . MUL EXP
   52    | EXP . DIV EXP
   58    | EXP . DOT ID
   59    | EXP . LB EXP LB
   60    | EXP . ADDSELF
   62    | EXP . SUBSELF

    RELOP     偏移，并进入状态 97
    LB        偏移，并进入状态 98
    DOT       偏移，并进入状态 99
    ADDSELF   偏移，并进入状态 100
    SUBSELF   偏移，并进入状态 101
    MUL       偏移，并进入状态 102
    DIV       偏移，并进入状态 103
    SUB       偏移，并进入状态 104
    ADD       偏移，并进入状态 105
    AND       偏移，并进入状态 106
    OR        偏移，并进入状态 107
    ASSIGNOP  偏移，并进入状态 108
    SEMI      偏移，并进入状态 115


状态 84

   29 Stmt: IF LP . EXP RP Stmt
   30     | IF LP . EXP RP Stmt ELSE Stmt

    error    偏移，并进入状态 82
    INT      偏移，并进入状态 54
    FLOAT    偏移，并进入状态 55
    CHAR     偏移，并进入状态 56
    ID       偏移，并进入状态 57
    LP       偏移，并进入状态 65
    ADDSELF  偏移，并进入状态 66
    SUBSELF  偏移，并进入状态 67
    NOT      偏移，并进入状态 68
    SUB      偏移，并进入状态 69

    EXP  转到状态 116


状态 85

   31 Stmt: WHILE LP . EXP RP Stmt

    error    偏移，并进入状态 82
    INT      偏移，并进入状态 54
    FLOAT    偏移，并进入状态 55
    CHAR     偏移，并进入状态 56
    ID       偏移，并进入状态 57
    LP       偏移，并进入状态 65
    ADDSELF  偏移，并进入状态 66
    SUBSELF  偏移，并进入状态 67
    NOT      偏移，并进入状态 68
    SUB      偏移，并进入状态 69

    EXP  转到状态 117


状态 86

   34 Stmt: BREAK SEMI .

    $default  使用规则 34 以归约 (Stmt)


状态 87

   35 Stmt: CONTINUE SEMI .

    $default  使用规则 35 以归约 (Stmt)


状态 88

   33 Stmt: WRITE LP . VarDec RP SEMI

    ID  偏移，并进入状态 42

    VarDec  转到状态 118


状态 89

   32 Stmt: READ LP . VarDec RP SEMI

    ID  偏移，并进入状态 42

    VarDec  转到状态 119


状态 90

   45 EXP: EXP . ASSIGNOP EXP
   46    | EXP . AND EXP
   47    | EXP . OR EXP
   48    | EXP . RELOP EXP
   49    | EXP . ADD EXP
   50    | EXP . SUB EXP
   51    | EXP . MUL EXP
   52    | EXP . DIV EXP
   53    | LP EXP . RP
   58    | EXP . DOT ID
   59    | EXP . LB EXP LB
   60    | EXP . ADDSELF
   62    | EXP . SUBSELF

    RELOP     偏移，并进入状态 97
    RP        偏移，并进入状态 120
    LB        偏移，并进入状态 98
    DOT       偏移，并进入状态 99
    ADDSELF   偏移，并进入状态 100
    SUBSELF   偏移，并进入状态 101
    MUL       偏移，并进入状态 102
    DIV       偏移，并进入状态 103
    SUB       偏移，并进入状态 104
    ADD       偏移，并进入状态 105
    AND       偏移，并进入状态 106
    OR        偏移，并进入状态 107
    ASSIGNOP  偏移，并进入状态 108


状态 91

   45 EXP: EXP . ASSIGNOP EXP
   46    | EXP . AND EXP
   47    | EXP . OR EXP
   48    | EXP . RELOP EXP
   49    | EXP . ADD EXP
   50    | EXP . SUB EXP
   51    | EXP . MUL EXP
   52    | EXP . DIV EXP
   58    | EXP . DOT ID
   59    | EXP . LB EXP LB
   60    | EXP . ADDSELF
   61    | ADDSELF EXP .
   62    | EXP . SUBSELF

    LB   偏移，并进入状态 98
    DOT  偏移，并进入状态 99

    $default  使用规则 61 以归约 (EXP)


状态 92

   45 EXP: EXP . ASSIGNOP EXP
   46    | EXP . AND EXP
   47    | EXP . OR EXP
   48    | EXP . RELOP EXP
   49    | EXP . ADD EXP
   50    | EXP . SUB EXP
   51    | EXP . MUL EXP
   52    | EXP . DIV EXP
   58    | EXP . DOT ID
   59    | EXP . LB EXP LB
   60    | EXP . ADDSELF
   62    | EXP . SUBSELF
   63    | SUBSELF EXP .

    LB   偏移，并进入状态 98
    DOT  偏移，并进入状态 99

    $default  使用规则 63 以归约 (EXP)


状态 93

   45 EXP: EXP . ASSIGNOP EXP
   46    | EXP . AND EXP
   47    | EXP . OR EXP
   48    | EXP . RELOP EXP
   49    | EXP . ADD EXP
   50    | EXP . SUB EXP
   51    | EXP . MUL EXP
   52    | EXP . DIV EXP
   55    | NOT EXP .
   58    | EXP . DOT ID
   59    | EXP . LB EXP LB
   60    | EXP . ADDSELF
   62    | EXP . SUBSELF

    $default  使用规则 55 以归约 (EXP)


状态 94

   45 EXP: EXP . ASSIGNOP EXP
   46    | EXP . AND EXP
   47    | EXP . OR EXP
   48    | EXP . RELOP EXP
   49    | EXP . ADD EXP
   50    | EXP . SUB EXP
   51    | EXP . MUL EXP
   52    | EXP . DIV EXP
   54    | SUB EXP .
   58    | EXP . DOT ID
   59    | EXP . LB EXP LB
   60    | EXP . ADDSELF
   62    | EXP . SUBSELF

    $default  使用规则 54 以归约 (EXP)


状态 95

   23 CompSt: LC DefList StmtList RC .

    $default  使用规则 23 以归约 (CompSt)


状态 96

   25 StmtList: Stmt StmtList .

    $default  使用规则 25 以归约 (StmtList)


状态 97

   48 EXP: EXP RELOP . EXP

    error    偏移，并进入状态 82
    INT      偏移，并进入状态 54
    FLOAT    偏移，并进入状态 55
    CHAR     偏移，并进入状态 56
    ID       偏移，并进入状态 57
    LP       偏移，并进入状态 65
    ADDSELF  偏移，并进入状态 66
    SUBSELF  偏移，并进入状态 67
    NOT      偏移，并进入状态 68
    SUB      偏移，并进入状态 69

    EXP  转到状态 121


状态 98

   59 EXP: EXP LB . EXP LB

    error    偏移，并进入状态 82
    INT      偏移，并进入状态 54
    FLOAT    偏移，并进入状态 55
    CHAR     偏移，并进入状态 56
    ID       偏移，并进入状态 57
    LP       偏移，并进入状态 65
    ADDSELF  偏移，并进入状态 66
    SUBSELF  偏移，并进入状态 67
    NOT      偏移，并进入状态 68
    SUB      偏移，并进入状态 69

    EXP  转到状态 122


状态 99

   58 EXP: EXP DOT . ID

    ID  偏移，并进入状态 123


状态 100

   60 EXP: EXP ADDSELF .

    $default  使用规则 60 以归约 (EXP)


状态 101

   62 EXP: EXP SUBSELF .

    $default  使用规则 62 以归约 (EXP)


状态 102

   51 EXP: EXP MUL . EXP

    error    偏移，并进入状态 82
    INT      偏移，并进入状态 54
    FLOAT    偏移，并进入状态 55
    CHAR     偏移，并进入状态 56
    ID       偏移，并进入状态 57
    LP       偏移，并进入状态 65
    ADDSELF  偏移，并进入状态 66
    SUBSELF  偏移，并进入状态 67
    NOT      偏移，并进入状态 68
    SUB      偏移，并进入状态 69

    EXP  转到状态 124


状态 103

   52 EXP: EXP DIV . EXP

    error    偏移，并进入状态 82
    INT      偏移，并进入状态 54
    FLOAT    偏移，并进入状态 55
    CHAR     偏移，并进入状态 56
    ID       偏移，并进入状态 57
    LP       偏移，并进入状态 65
    ADDSELF  偏移，并进入状态 66
    SUBSELF  偏移，并进入状态 67
    NOT      偏移，并进入状态 68
    SUB      偏移，并进入状态 69

    EXP  转到状态 125


状态 104

   50 EXP: EXP SUB . EXP

    error    偏移，并进入状态 82
    INT      偏移，并进入状态 54
    FLOAT    偏移，并进入状态 55
    CHAR     偏移，并进入状态 56
    ID       偏移，并进入状态 57
    LP       偏移，并进入状态 65
    ADDSELF  偏移，并进入状态 66
    SUBSELF  偏移，并进入状态 67
    NOT      偏移，并进入状态 68
    SUB      偏移，并进入状态 69

    EXP  转到状态 126


状态 105

   49 EXP: EXP ADD . EXP

    error    偏移，并进入状态 82
    INT      偏移，并进入状态 54
    FLOAT    偏移，并进入状态 55
    CHAR     偏移，并进入状态 56
    ID       偏移，并进入状态 57
    LP       偏移，并进入状态 65
    ADDSELF  偏移，并进入状态 66
    SUBSELF  偏移，并进入状态 67
    NOT      偏移，并进入状态 68
    SUB      偏移，并进入状态 69

    EXP  转到状态 127


状态 106

   46 EXP: EXP AND . EXP

    error    偏移，并进入状态 82
    INT      偏移，并进入状态 54
    FLOAT    偏移，并进入状态 55
    CHAR     偏移，并进入状态 56
    ID       偏移，并进入状态 57
    LP       偏移，并进入状态 65
    ADDSELF  偏移，并进入状态 66
    SUBSELF  偏移，并进入状态 67
    NOT      偏移，并进入状态 68
    SUB      偏移，并进入状态 69

    EXP  转到状态 128


状态 107

   47 EXP: EXP OR . EXP

    error    偏移，并进入状态 82
    INT      偏移，并进入状态 54
    FLOAT    偏移，并进入状态 55
    CHAR     偏移，并进入状态 56
    ID       偏移，并进入状态 57
    LP       偏移，并进入状态 65
    ADDSELF  偏移，并进入状态 66
    SUBSELF  偏移，并进入状态 67
    NOT      偏移，并进入状态 68
    SUB      偏移，并进入状态 69

    EXP  转到状态 129


状态 108

   45 EXP: EXP ASSIGNOP . EXP

    error    偏移，并进入状态 82
    INT      偏移，并进入状态 54
    FLOAT    偏移，并进入状态 55
    CHAR     偏移，并进入状态 56
    ID       偏移，并进入状态 57
    LP       偏移，并进入状态 65
    ADDSELF  偏移，并进入状态 66
    SUBSELF  偏移，并进入状态 67
    NOT      偏移，并进入状态 68
    SUB      偏移，并进入状态 69

    EXP  转到状态 130


状态 109

   26 Stmt: EXP SEMI .

    $default  使用规则 26 以归约 (Stmt)


状态 110

   44 Dec: VarDec ASSIGNOP EXP .
   45 EXP: EXP . ASSIGNOP EXP
   46    | EXP . AND EXP
   47    | EXP . OR EXP
   48    | EXP . RELOP EXP
   49    | EXP . ADD EXP
   50    | EXP . SUB EXP
   51    | EXP . MUL EXP
   52    | EXP . DIV EXP
   58    | EXP . DOT ID
   59    | EXP . LB EXP LB
   60    | EXP . ADDSELF
   62    | EXP . SUBSELF

    RELOP     偏移，并进入状态 97
    LB        偏移，并进入状态 98
    DOT       偏移，并进入状态 99
    ADDSELF   偏移，并进入状态 100
    SUBSELF   偏移，并进入状态 101
    MUL       偏移，并进入状态 102
    DIV       偏移，并进入状态 103
    SUB       偏移，并进入状态 104
    ADD       偏移，并进入状态 105
    AND       偏移，并进入状态 106
    OR        偏移，并进入状态 107
    ASSIGNOP  偏移，并进入状态 108

    $default  使用规则 44 以归约 (Dec)


状态 111

   42 DecList: Dec COMMA DecList .

    $default  使用规则 42 以归约 (DecList)


状态 112

   57 EXP: ID LP RP .

    $default  使用规则 57 以归约 (EXP)


状态 113

   45 EXP: EXP . ASSIGNOP EXP
   46    | EXP . AND EXP
   47    | EXP . OR EXP
   48    | EXP . RELOP EXP
   49    | EXP . ADD EXP
   50    | EXP . SUB EXP
   51    | EXP . MUL EXP
   52    | EXP . DIV EXP
   58    | EXP . DOT ID
   59    | EXP . LB EXP LB
   60    | EXP . ADDSELF
   62    | EXP . SUBSELF
   69 Args: EXP . COMMA Args
   70     | EXP .

    RELOP     偏移，并进入状态 97
    LB        偏移，并进入状态 98
    DOT       偏移，并进入状态 99
    ADDSELF   偏移，并进入状态 100
    SUBSELF   偏移，并进入状态 101
    MUL       偏移，并进入状态 102
    DIV       偏移，并进入状态 103
    SUB       偏移，并进入状态 104
    ADD       偏移，并进入状态 105
    AND       偏移，并进入状态 106
    OR        偏移，并进入状态 107
    ASSIGNOP  偏移，并进入状态 108
    COMMA     偏移，并进入状态 131

    $default  使用规则 70 以归约 (Args)


状态 114

   56 EXP: ID LP Args . RP

    RP  偏移，并进入状态 132


状态 115

   28 Stmt: RETURN EXP SEMI .

    $default  使用规则 28 以归约 (Stmt)


状态 116

   29 Stmt: IF LP EXP . RP Stmt
   30     | IF LP EXP . RP Stmt ELSE Stmt
   45 EXP: EXP . ASSIGNOP EXP
   46    | EXP . AND EXP
   47    | EXP . OR EXP
   48    | EXP . RELOP EXP
   49    | EXP . ADD EXP
   50    | EXP . SUB EXP
   51    | EXP . MUL EXP
   52    | EXP . DIV EXP
   58    | EXP . DOT ID
   59    | EXP . LB EXP LB
   60    | EXP . ADDSELF
   62    | EXP . SUBSELF

    RELOP     偏移，并进入状态 97
    RP        偏移，并进入状态 133
    LB        偏移，并进入状态 98
    DOT       偏移，并进入状态 99
    ADDSELF   偏移，并进入状态 100
    SUBSELF   偏移，并进入状态 101
    MUL       偏移，并进入状态 102
    DIV       偏移，并进入状态 103
    SUB       偏移，并进入状态 104
    ADD       偏移，并进入状态 105
    AND       偏移，并进入状态 106
    OR        偏移，并进入状态 107
    ASSIGNOP  偏移，并进入状态 108


状态 117

   31 Stmt: WHILE LP EXP . RP Stmt
   45 EXP: EXP . ASSIGNOP EXP
   46    | EXP . AND EXP
   47    | EXP . OR EXP
   48    | EXP . RELOP EXP
   49    | EXP . ADD EXP
   50    | EXP . SUB EXP
   51    | EXP . MUL EXP
   52    | EXP . DIV EXP
   58    | EXP . DOT ID
   59    | EXP . LB EXP LB
   60    | EXP . ADDSELF
   62    | EXP . SUBSELF

    RELOP     偏移，并进入状态 97
    RP        偏移，并进入状态 134
    LB        偏移，并进入状态 98
    DOT       偏移，并进入状态 99
    ADDSELF   偏移，并进入状态 100
    SUBSELF   偏移，并进入状态 101
    MUL       偏移，并进入状态 102
    DIV       偏移，并进入状态 103
    SUB       偏移，并进入状态 104
    ADD       偏移，并进入状态 105
    AND       偏移，并进入状态 106
    OR        偏移，并进入状态 107
    ASSIGNOP  偏移，并进入状态 108


状态 118

   22 VarDec: VarDec . LB INT RB
   33 Stmt: WRITE LP VarDec . RP SEMI

    RP  偏移，并进入状态 135
    LB  偏移，并进入状态 30


状态 119

   22 VarDec: VarDec . LB INT RB
   32 Stmt: READ LP VarDec . RP SEMI

    RP  偏移，并进入状态 136
    LB  偏移，并进入状态 30


状态 120

   53 EXP: LP EXP RP .

    $default  使用规则 53 以归约 (EXP)


状态 121

   45 EXP: EXP . ASSIGNOP EXP
   46    | EXP . AND EXP
   47    | EXP . OR EXP
   48    | EXP . RELOP EXP
   48    | EXP RELOP EXP .
   49    | EXP . ADD EXP
   50    | EXP . SUB EXP
   51    | EXP . MUL EXP
   52    | EXP . DIV EXP
   58    | EXP . DOT ID
   59    | EXP . LB EXP LB
   60    | EXP . ADDSELF
   62    | EXP . SUBSELF

    LB       偏移，并进入状态 98
    DOT      偏移，并进入状态 99
    ADDSELF  偏移，并进入状态 100
    SUBSELF  偏移，并进入状态 101
    MUL      偏移，并进入状态 102
    DIV      偏移，并进入状态 103
    SUB      偏移，并进入状态 104
    ADD      偏移，并进入状态 105

    $default  使用规则 48 以归约 (EXP)


状态 122

   45 EXP: EXP . ASSIGNOP EXP
   46    | EXP . AND EXP
   47    | EXP . OR EXP
   48    | EXP . RELOP EXP
   49    | EXP . ADD EXP
   50    | EXP . SUB EXP
   51    | EXP . MUL EXP
   52    | EXP . DIV EXP
   58    | EXP . DOT ID
   59    | EXP . LB EXP LB
   59    | EXP LB EXP . LB
   60    | EXP . ADDSELF
   62    | EXP . SUBSELF

    RELOP     偏移，并进入状态 97
    LB        偏移，并进入状态 137
    DOT       偏移，并进入状态 99
    ADDSELF   偏移，并进入状态 100
    SUBSELF   偏移，并进入状态 101
    MUL       偏移，并进入状态 102
    DIV       偏移，并进入状态 103
    SUB       偏移，并进入状态 104
    ADD       偏移，并进入状态 105
    AND       偏移，并进入状态 106
    OR        偏移，并进入状态 107
    ASSIGNOP  偏移，并进入状态 108


状态 123

   58 EXP: EXP DOT ID .

    $default  使用规则 58 以归约 (EXP)


状态 124

   45 EXP: EXP . ASSIGNOP EXP
   46    | EXP . AND EXP
   47    | EXP . OR EXP
   48    | EXP . RELOP EXP
   49    | EXP . ADD EXP
   50    | EXP . SUB EXP
   51    | EXP . MUL EXP
   51    | EXP MUL EXP .
   52    | EXP . DIV EXP
   58    | EXP . DOT ID
   59    | EXP . LB EXP LB
   60    | EXP . ADDSELF
   62    | EXP . SUBSELF

    LB       偏移，并进入状态 98
    DOT      偏移，并进入状态 99
    ADDSELF  偏移，并进入状态 100
    SUBSELF  偏移，并进入状态 101

    $default  使用规则 51 以归约 (EXP)


状态 125

   45 EXP: EXP . ASSIGNOP EXP
   46    | EXP . AND EXP
   47    | EXP . OR EXP
   48    | EXP . RELOP EXP
   49    | EXP . ADD EXP
   50    | EXP . SUB EXP
   51    | EXP . MUL EXP
   52    | EXP . DIV EXP
   52    | EXP DIV EXP .
   58    | EXP . DOT ID
   59    | EXP . LB EXP LB
   60    | EXP . ADDSELF
   62    | EXP . SUBSELF

    LB       偏移，并进入状态 98
    DOT      偏移，并进入状态 99
    ADDSELF  偏移，并进入状态 100
    SUBSELF  偏移，并进入状态 101

    $default  使用规则 52 以归约 (EXP)


状态 126

   45 EXP: EXP . ASSIGNOP EXP
   46    | EXP . AND EXP
   47    | EXP . OR EXP
   48    | EXP . RELOP EXP
   49    | EXP . ADD EXP
   50    | EXP . SUB EXP
   50    | EXP SUB EXP .
   51    | EXP . MUL EXP
   52    | EXP . DIV EXP
   58    | EXP . DOT ID
   59    | EXP . LB EXP LB
   60    | EXP . ADDSELF
   62    | EXP . SUBSELF

    LB       偏移，并进入状态 98
    DOT      偏移，并进入状态 99
    ADDSELF  偏移，并进入状态 100
    SUBSELF  偏移，并进入状态 101
    MUL      偏移，并进入状态 102
    DIV      偏移，并进入状态 103

    $default  使用规则 50 以归约 (EXP)


状态 127

   45 EXP: EXP . ASSIGNOP EXP
   46    | EXP . AND EXP
   47    | EXP . OR EXP
   48    | EXP . RELOP EXP
   49    | EXP . ADD EXP
   49    | EXP ADD EXP .
   50    | EXP . SUB EXP
   51    | EXP . MUL EXP
   52    | EXP . DIV EXP
   58    | EXP . DOT ID
   59    | EXP . LB EXP LB
   60    | EXP . ADDSELF
   62    | EXP . SUBSELF

    LB       偏移，并进入状态 98
    DOT      偏移，并进入状态 99
    ADDSELF  偏移，并进入状态 100
    SUBSELF  偏移，并进入状态 101
    MUL      偏移，并进入状态 102
    DIV      偏移，并进入状态 103

    $default  使用规则 49 以归约 (EXP)


状态 128

   45 EXP: EXP . ASSIGNOP EXP
   46    | EXP . AND EXP
   46    | EXP AND EXP .
   47    | EXP . OR EXP
   48    | EXP . RELOP EXP
   49    | EXP . ADD EXP
   50    | EXP . SUB EXP
   51    | EXP . MUL EXP
   52    | EXP . DIV EXP
   58    | EXP . DOT ID
   59    | EXP . LB EXP LB
   60    | EXP . ADDSELF
   62    | EXP . SUBSELF

    RELOP    偏移，并进入状态 97
    LB       偏移，并进入状态 98
    DOT      偏移，并进入状态 99
    ADDSELF  偏移，并进入状态 100
    SUBSELF  偏移，并进入状态 101
    MUL      偏移，并进入状态 102
    DIV      偏移，并进入状态 103
    SUB      偏移，并进入状态 104
    ADD      偏移，并进入状态 105

    $default  使用规则 46 以归约 (EXP)


状态 129

   45 EXP: EXP . ASSIGNOP EXP
   46    | EXP . AND EXP
   47    | EXP . OR EXP
   47    | EXP OR EXP .
   48    | EXP . RELOP EXP
   49    | EXP . ADD EXP
   50    | EXP . SUB EXP
   51    | EXP . MUL EXP
   52    | EXP . DIV EXP
   58    | EXP . DOT ID
   59    | EXP . LB EXP LB
   60    | EXP . ADDSELF
   62    | EXP . SUBSELF

    RELOP    偏移，并进入状态 97
    LB       偏移，并进入状态 98
    DOT      偏移，并进入状态 99
    ADDSELF  偏移，并进入状态 100
    SUBSELF  偏移，并进入状态 101
    MUL      偏移，并进入状态 102
    DIV      偏移，并进入状态 103
    SUB      偏移，并进入状态 104
    ADD      偏移，并进入状态 105
    AND      偏移，并进入状态 106

    $default  使用规则 47 以归约 (EXP)


状态 130

   45 EXP: EXP . ASSIGNOP EXP
   45    | EXP ASSIGNOP EXP .
   46    | EXP . AND EXP
   47    | EXP . OR EXP
   48    | EXP . RELOP EXP
   49    | EXP . ADD EXP
   50    | EXP . SUB EXP
   51    | EXP . MUL EXP
   52    | EXP . DIV EXP
   58    | EXP . DOT ID
   59    | EXP . LB EXP LB
   60    | EXP . ADDSELF
   62    | EXP . SUBSELF

    RELOP     偏移，并进入状态 97
    LB        偏移，并进入状态 98
    DOT       偏移，并进入状态 99
    ADDSELF   偏移，并进入状态 100
    SUBSELF   偏移，并进入状态 101
    MUL       偏移，并进入状态 102
    DIV       偏移，并进入状态 103
    SUB       偏移，并进入状态 104
    ADD       偏移，并进入状态 105
    AND       偏移，并进入状态 106
    OR        偏移，并进入状态 107
    ASSIGNOP  偏移，并进入状态 108

    $default  使用规则 45 以归约 (EXP)


状态 131

   69 Args: EXP COMMA . Args

    error    偏移，并进入状态 82
    INT      偏移，并进入状态 54
    FLOAT    偏移，并进入状态 55
    CHAR     偏移，并进入状态 56
    ID       偏移，并进入状态 57
    LP       偏移，并进入状态 65
    ADDSELF  偏移，并进入状态 66
    SUBSELF  偏移，并进入状态 67
    NOT      偏移，并进入状态 68
    SUB      偏移，并进入状态 69

    EXP   转到状态 113
    Args  转到状态 138


状态 132

   56 EXP: ID LP Args RP .

    $default  使用规则 56 以归约 (EXP)


状态 133

   29 Stmt: IF LP EXP RP . Stmt
   30     | IF LP EXP RP . Stmt ELSE Stmt

    error     偏移，并进入状态 53
    INT       偏移，并进入状态 54
    FLOAT     偏移，并进入状态 55
    CHAR      偏移，并进入状态 56
    ID        偏移，并进入状态 57
    RETURN    偏移，并进入状态 58
    IF        偏移，并进入状态 59
    WHILE     偏移，并进入状态 60
    BREAK     偏移，并进入状态 61
    CONTINUE  偏移，并进入状态 62
    WRITE     偏移，并进入状态 63
    READ      偏移，并进入状态 64
    LP        偏移，并进入状态 65
    ADDSELF   偏移，并进入状态 66
    SUBSELF   偏移，并进入状态 67
    NOT       偏移，并进入状态 68
    SUB       偏移，并进入状态 69
    LC        偏移，并进入状态 26

    CompSt  转到状态 70
    Stmt    转到状态 139
    EXP     转到状态 73


状态 134

   31 Stmt: WHILE LP EXP RP . Stmt

    error     偏移，并进入状态 53
    INT       偏移，并进入状态 54
    FLOAT     偏移，并进入状态 55
    CHAR      偏移，并进入状态 56
    ID        偏移，并进入状态 57
    RETURN    偏移，并进入状态 58
    IF        偏移，并进入状态 59
    WHILE     偏移，并进入状态 60
    BREAK     偏移，并进入状态 61
    CONTINUE  偏移，并进入状态 62
    WRITE     偏移，并进入状态 63
    READ      偏移，并进入状态 64
    LP        偏移，并进入状态 65
    ADDSELF   偏移，并进入状态 66
    SUBSELF   偏移，并进入状态 67
    NOT       偏移，并进入状态 68
    SUB       偏移，并进入状态 69
    LC        偏移，并进入状态 26

    CompSt  转到状态 70
    Stmt    转到状态 140
    EXP     转到状态 73


状态 135

   33 Stmt: WRITE LP VarDec RP . SEMI

    SEMI  偏移，并进入状态 141


状态 136

   32 Stmt: READ LP VarDec RP . SEMI

    SEMI  偏移，并进入状态 142


状态 137

   59 EXP: EXP LB . EXP LB
   59    | EXP LB EXP LB .

    error  偏移，并进入状态 82
    INT    偏移，并进入状态 54
    FLOAT  偏移，并进入状态 55
    CHAR   偏移，并进入状态 56
    ID     偏移，并进入状态 57
    LP     偏移，并进入状态 65
    NOT    偏移，并进入状态 68

    RELOP     使用规则 59 以归约 (EXP)
    RP        使用规则 59 以归约 (EXP)
    LB        使用规则 59 以归约 (EXP)
    DOT       使用规则 59 以归约 (EXP)
    ADDSELF   使用规则 59 以归约 (EXP)
    SUBSELF   使用规则 59 以归约 (EXP)
    MUL       使用规则 59 以归约 (EXP)
    DIV       使用规则 59 以归约 (EXP)
    SUB       使用规则 59 以归约 (EXP)
    ADD       使用规则 59 以归约 (EXP)
    AND       使用规则 59 以归约 (EXP)
    OR        使用规则 59 以归约 (EXP)
    ASSIGNOP  使用规则 59 以归约 (EXP)
    COMMA     使用规则 59 以归约 (EXP)
    SEMI      使用规则 59 以归约 (EXP)

    EXP  转到状态 122


状态 138

   69 Args: EXP COMMA Args .

    $default  使用规则 69 以归约 (Args)


状态 139

   29 Stmt: IF LP EXP RP Stmt .
   30     | IF LP EXP RP Stmt . ELSE Stmt

    ELSE  偏移，并进入状态 143

    $default  使用规则 29 以归约 (Stmt)


状态 140

   31 Stmt: WHILE LP EXP RP Stmt .

    $default  使用规则 31 以归约 (Stmt)


状态 141

   33 Stmt: WRITE LP VarDec RP SEMI .

    $default  使用规则 33 以归约 (Stmt)


状态 142

   32 Stmt: READ LP VarDec RP SEMI .

    $default  使用规则 32 以归约 (Stmt)


状态 143

   30 Stmt: IF LP EXP RP Stmt ELSE . Stmt

    error     偏移，并进入状态 53
    INT       偏移，并进入状态 54
    FLOAT     偏移，并进入状态 55
    CHAR      偏移，并进入状态 56
    ID        偏移，并进入状态 57
    RETURN    偏移，并进入状态 58
    IF        偏移，并进入状态 59
    WHILE     偏移，并进入状态 60
    BREAK     偏移，并进入状态 61
    CONTINUE  偏移，并进入状态 62
    WRITE     偏移，并进入状态 63
    READ      偏移，并进入状态 64
    LP        偏移，并进入状态 65
    ADDSELF   偏移，并进入状态 66
    SUBSELF   偏移，并进入状态 67
    NOT       偏移，并进入状态 68
    SUB       偏移，并进入状态 69
    LC        偏移，并进入状态 26

    CompSt  转到状态 70
    Stmt    转到状态 144
    EXP     转到状态 73


状态 144

   30 Stmt: IF LP EXP RP Stmt ELSE Stmt .

    $default  使用规则 30 以归约 (Stmt)
